<?xml version="1.0" encoding="UTF-8"?>
<!-- Generated by org.testng.reporters.JUnitXMLReporter -->
<testsuite hostname="LAPTOP-0VKIOAG1" ignored="32" name="Default test" tests="7" failures="0" timestamp="2021-04-11T17:52:30 IST" time="80.111" errors="0">
  <testcase name="login" time="47.958" classname="trackingNumber.SimpleRouteTestCases"/>
  <testcase name="createSimpleRouteTN" time="32.047" classname="trackingNumber.SimpleRouteTestCases"/>
  <testcase name="checkCreateCampaign" time="0.003" classname="campaign.CampaignBuilderActualTestCases"/>
  <testcase name="checkEditCampaign" time="0.004" classname="campaign.CampaignBuilderActualTestCases"/>
  <testcase name="checkListOfCampaigns" time="0.002" classname="campaign.CampaignListClassMethodAndActualTestCasesAllinOneClass"/>
  <testcase name="checkTrackingNumbersOfCampaign" time="0.002" classname="campaign.CampaignListClassMethodAndActualTestCasesAllinOneClass"/>
  <testcase name="exportCampaignsandTrackingNumbers" time="0.003" classname="campaign.CampaignListClassMethodAndActualTestCasesAllinOneClass"/>
  <testcase name="@AfterSuite oneTimeTearDown" time="0.0" classname="cfaMainModule.CFAProductBeforeAfterSuite">
    <ignored/>
  </testcase> <!-- @AfterSuite oneTimeTearDown -->
  <testcase name="@AfterSuite oneTimeTearDown" time="0.0" classname="cfaMainModule.CFAProductBeforeAfterSuite">
    <ignored/>
  </testcase> <!-- @AfterSuite oneTimeTearDown -->
  <testcase name="@AfterSuite oneTimeTearDown" time="0.0" classname="cfaMainModule.CFAProductBeforeAfterSuite">
    <ignored/>
  </testcase> <!-- @AfterSuite oneTimeTearDown -->
  <testcase name="@AfterSuite oneTimeTearDown" time="0.0" classname="cfaMainModule.CFAProductBeforeAfterSuite">
    <ignored/>
  </testcase> <!-- @AfterSuite oneTimeTearDown -->
  <testcase name="@AfterSuite oneTimeTearDown" time="0.0" classname="cfaMainModule.CFAProductBeforeAfterSuite">
    <ignored/>
  </testcase> <!-- @AfterSuite oneTimeTearDown -->
  <testcase name="@AfterSuite oneTimeTearDown" time="0.0" classname="cfaMainModule.CFAProductBeforeAfterSuite">
    <ignored/>
  </testcase> <!-- @AfterSuite oneTimeTearDown -->
  <testcase name="@AfterSuite oneTimeTearDown" time="0.0" classname="cfaMainModule.CFAProductBeforeAfterSuite">
    <ignored/>
  </testcase> <!-- @AfterSuite oneTimeTearDown -->
  <testcase name="@AfterSuite oneTimeTearDown" time="0.0" classname="cfaMainModule.CFAProductBeforeAfterSuite">
    <ignored/>
  </testcase> <!-- @AfterSuite oneTimeTearDown -->
  <testcase name="@AfterSuite oneTimeTearDown" time="0.0" classname="cfaMainModule.CFAProductBeforeAfterSuite">
    <ignored/>
  </testcase> <!-- @AfterSuite oneTimeTearDown -->
  <testcase name="@BeforeTest campaignPreCondition" time="0.0" classname="campaign.CampaignPreconditionBeforeTest">
    <ignored/>
  </testcase> <!-- @BeforeTest campaignPreCondition -->
  <testcase name="@BeforeTest campaignPreCondition" time="0.0" classname="campaign.CampaignPreconditionBeforeTest">
    <ignored/>
  </testcase> <!-- @BeforeTest campaignPreCondition -->
  <testcase name="@BeforeTest campaignPreCondition" time="0.0" classname="campaign.CampaignPreconditionBeforeTest">
    <ignored/>
  </testcase> <!-- @BeforeTest campaignPreCondition -->
  <testcase name="@BeforeTest campaignPreCondition" time="0.0" classname="campaign.CampaignPreconditionBeforeTest">
    <ignored/>
  </testcase> <!-- @BeforeTest campaignPreCondition -->
  <testcase name="@BeforeSuite oneTimeSetUp" time="0.0" classname="cfaMainModule.CFAProductBeforeAfterSuite">
    <ignored/>
  </testcase> <!-- @BeforeSuite oneTimeSetUp -->
  <testcase name="@BeforeSuite oneTimeSetUp" time="0.0" classname="cfaMainModule.CFAProductBeforeAfterSuite">
    <ignored/>
  </testcase> <!-- @BeforeSuite oneTimeSetUp -->
  <testcase name="@BeforeSuite oneTimeSetUp" time="0.0" classname="cfaMainModule.CFAProductBeforeAfterSuite">
    <ignored/>
  </testcase> <!-- @BeforeSuite oneTimeSetUp -->
  <testcase name="@BeforeSuite oneTimeSetUp" time="0.0" classname="cfaMainModule.CFAProductBeforeAfterSuite">
    <ignored/>
  </testcase> <!-- @BeforeSuite oneTimeSetUp -->
  <testcase name="@BeforeSuite oneTimeSetUp" time="0.0" classname="cfaMainModule.CFAProductBeforeAfterSuite">
    <ignored/>
  </testcase> <!-- @BeforeSuite oneTimeSetUp -->
  <testcase name="@BeforeSuite oneTimeSetUp" time="0.0" classname="cfaMainModule.CFAProductBeforeAfterSuite">
    <ignored/>
  </testcase> <!-- @BeforeSuite oneTimeSetUp -->
  <testcase name="@BeforeSuite oneTimeSetUp" time="0.0" classname="cfaMainModule.CFAProductBeforeAfterSuite">
    <ignored/>
  </testcase> <!-- @BeforeSuite oneTimeSetUp -->
  <testcase name="@BeforeSuite oneTimeSetUp" time="0.0" classname="cfaMainModule.CFAProductBeforeAfterSuite">
    <ignored/>
  </testcase> <!-- @BeforeSuite oneTimeSetUp -->
  <testcase name="@BeforeSuite oneTimeSetUp" time="0.0" classname="cfaMainModule.CFAProductBeforeAfterSuite">
    <ignored/>
  </testcase> <!-- @BeforeSuite oneTimeSetUp -->
  <testcase name="@AfterTest trackingNumberPostCondition" time="0.0" classname="trackingNumber.CreateTNBeforeAfterTest">
    <ignored/>
  </testcase> <!-- @AfterTest trackingNumberPostCondition -->
  <testcase name="@AfterTest trackingNumberPostCondition" time="0.0" classname="trackingNumber.CreateTNBeforeAfterTest">
    <ignored/>
  </testcase> <!-- @AfterTest trackingNumberPostCondition -->
  <testcase name="@AfterTest trackingNumberPostCondition" time="0.0" classname="trackingNumber.CreateTNBeforeAfterTest">
    <ignored/>
  </testcase> <!-- @AfterTest trackingNumberPostCondition -->
  <testcase name="@BeforeTest trackingNumberPreCondition" time="0.0" classname="trackingNumber.CreateTNBeforeAfterTest">
    <ignored/>
  </testcase> <!-- @BeforeTest trackingNumberPreCondition -->
  <testcase name="@BeforeTest trackingNumberPreCondition" time="0.0" classname="trackingNumber.CreateTNBeforeAfterTest">
    <ignored/>
  </testcase> <!-- @BeforeTest trackingNumberPreCondition -->
  <testcase name="@BeforeTest trackingNumberPreCondition" time="0.0" classname="trackingNumber.CreateTNBeforeAfterTest">
    <ignored/>
  </testcase> <!-- @BeforeTest trackingNumberPreCondition -->
  <testcase name="@AfterTest campaignPostCondition" time="0.0" classname="campaign.CampaignPreconditionBeforeTest">
    <ignored/>
  </testcase> <!-- @AfterTest campaignPostCondition -->
  <testcase name="@AfterTest campaignPostCondition" time="0.0" classname="campaign.CampaignPreconditionBeforeTest">
    <ignored/>
  </testcase> <!-- @AfterTest campaignPostCondition -->
  <testcase name="@AfterTest campaignPostCondition" time="0.0" classname="campaign.CampaignPreconditionBeforeTest">
    <ignored/>
  </testcase> <!-- @AfterTest campaignPostCondition -->
  <testcase name="@AfterTest campaignPostCondition" time="0.0" classname="campaign.CampaignPreconditionBeforeTest">
    <ignored/>
  </testcase> <!-- @AfterTest campaignPostCondition -->
</testsuite> <!-- Default test -->
