<?xml version="1.0" encoding="UTF-8"?>
<!-- Generated by org.testng.reporters.JUnitXMLReporter -->
<testsuite hostname="LAPTOP-0VKIOAG1" ignored="4" name="Test" tests="5" failures="0" timestamp="2021-02-25T18:23:31 IST" time="0.104" errors="0">
  <testcase name="checkCreateCampaign" time="0.015" classname="campaign.CampaignBuilder"/>
  <testcase name="checkEditCampaign" time="0.002" classname="campaign.CampaignBuilder"/>
  <testcase name="checkListOfCampaigns" time="0.002" classname="campaign.CampaignList"/>
  <testcase name="checkTrackingNumbersOfCampaign" time="0.002" classname="campaign.CampaignList"/>
  <testcase name="exportCampaignsandTrackingNumbers" time="0.003" classname="campaign.CampaignList"/>
  <testcase name="@AfterSuite oneTimeTearDown" time="0.0" classname="cfaMainModule.CFAProduct">
    <ignored/>
  </testcase> <!-- @AfterSuite oneTimeTearDown -->
  <testcase name="@BeforeTest billingPreCondition" time="0.0" classname="campaign.CampaignPreconditionBeforeTest">
    <ignored/>
  </testcase> <!-- @BeforeTest billingPreCondition -->
  <testcase name="@AfterTest billingPostCondition" time="0.0" classname="campaign.CampaignPreconditionBeforeTest">
    <ignored/>
  </testcase> <!-- @AfterTest billingPostCondition -->
  <testcase name="@BeforeSuite oneTimeSetUp" time="0.0" classname="cfaMainModule.CFAProduct">
    <ignored/>
  </testcase> <!-- @BeforeSuite oneTimeSetUp -->
</testsuite> <!-- Test -->
